
Showing logs for build [32mcb-kubecd-environment-pr-193-15-68jpk-1[0m stage [32mfrom-build-pack[0m and container [32mstep-credential-initializer-2nwbc[0m
{"level":"warn","ts":1586115032.490029,"logger":"fallback-logger","caller":"logging/config.go:69","msg":"Fetch GitHub commit ID from kodata failed: \"ref: refs/heads/0.8.0-**-support-backwards-incompats\" is not a valid GitHub commit ID"}
{"level":"info","ts":1586115032.496455,"logger":"fallback-logger","caller":"creds-init/main.go:40","msg":"Credentials initialized."}

Showing logs for build [32mcb-kubecd-environment-pr-193-15-68jpk-1[0m stage [32mfrom-build-pack[0m and container [32mstep-working-dir-initializer-dsjnl[0m
{"level":"warn","ts":1586115033.5781174,"logger":"fallback-logger","caller":"logging/config.go:69","msg":"Fetch GitHub commit ID from kodata failed: open /var/run/ko/HEAD: no such file or directory"}
{"level":"info","ts":1586115033.5799394,"logger":"fallback-logger","caller":"bash/main.go:64","msg":"Successfully executed command \"sh -c mkdir -p /workspace/source\"; output "}

Showing logs for build [32mcb-kubecd-environment-pr-193-15-68jpk-1[0m stage [32mfrom-build-pack[0m and container [32mstep-place-tools[0m

Showing logs for build [32mcb-kubecd-environment-pr-193-15-68jpk-1[0m stage [32mfrom-build-pack[0m and container [32mstep-git-source-cb-kubecd-environment-pr-193-15-68jpk-wsb4n[0m
{"level":"warn","ts":1586115037.681457,"logger":"fallback-logger","caller":"logging/config.go:69","msg":"Fetch GitHub commit ID from kodata failed: \"ref: refs/heads/0.8.0-**-support-backwards-incompats\" is not a valid GitHub commit ID"}
{"level":"info","ts":1586115038.7093794,"logger":"fallback-logger","caller":"git/git.go:103","msg":"Successfully cloned https://github.com/cb-kubecd/environment-pr-193-153-boot-gke-staging.git @ master in path /workspace/source"}

Showing logs for build [32mcb-kubecd-environment-pr-193-15-68jpk-1[0m stage [32mfrom-build-pack[0m and container [32mstep-git-merge[0m
Using SHAs from PULL_REFS=master:a55c03d68d7ea7b6d010bc56f902c1e1cbea16ea,6:30c1e2a036b079fed1a8d096f50ea68d45a8d528
DEBUG: LC_ALL=C JX_LOG_LEVEL=error git fetch origin --unshallow 30c1e2a036b079fed1a8d096f50ea68d45a8d528: a55c03d68d7ea7b6d010bc56f902c1e1cbea16ea:
DEBUG: ran git fetch --unshallow origin 30c1e2a036b079fed1a8d096f50ea68d45a8d528: a55c03d68d7ea7b6d010bc56f902c1e1cbea16ea: in 
DEBUG: LC_ALL=C JX_LOG_LEVEL=error git branch
DEBUG: LC_ALL=C JX_LOG_LEVEL=error git checkout master
DEBUG: ran git checkout master in 
DEBUG: LC_ALL=C JX_LOG_LEVEL=error git reset --hard a55c03d68d7ea7b6d010bc56f902c1e1cbea16ea
DEBUG: ran git reset --hard a55c03d68d7ea7b6d010bc56f902c1e1cbea16ea in 
DEBUG: LC_ALL=C JX_LOG_LEVEL=error git clean -fd .
DEBUG: ran clean --force -d . in 
DEBUG: LC_ALL=C JX_LOG_LEVEL=error git merge 30c1e2a036b079fed1a8d096f50ea68d45a8d528
DEBUG: ran git merge 30c1e2a036b079fed1a8d096f50ea68d45a8d528 in 
DEBUG: LC_ALL=C JX_LOG_LEVEL=error git log --format=%H%x1f%an%x1f%ae%x1f%cn%x1f%ce%x1f%s%n%b%x1e a55c03d68d7ea7b6d010bc56f902c1e1cbea16ea..HEAD
Merged SHA 30c1e2a036b079fed1a8d096f50ea68d45a8d528 with commit message 'chore: Promote bdd-ghf**y-import-1586114153 to version 0.0.1' into base branch master

Showing logs for build [32mcb-kubecd-environment-pr-193-15-68jpk-1[0m stage [32mfrom-build-pack[0m and container [32mstep-build-helm-build[0m
WARNING: No $CHART_REPOSITORY defined so using the default value of: http://jenkins-x-chartmuseum:8080
Adding missing Helm repo: storage.googleapis.com https://storage.googleapis.com/chartmuseum.jenkins-x.io
WARNING: No secrets found on "helm/repos" due: reading the secret "helm/repos" from vault: no secret "helm/repos" not found in vault
Read credentials for https://storage.googleapis.com/chartmuseum.jenkins-x.io from vault helm/repos
Successfully added Helm repository storage.googleapis.com.
Adding missing Helm repo: jenkins-x-chartmuseum http://jenkins-x-chartmuseum:8080
WARNING: No secrets found on "helm/repos" due: reading the secret "helm/repos" from vault: no secret "helm/repos" not found in vault
Read credentials for http://jenkins-x-chartmuseum:8080 from vault helm/repos
Successfully added Helm repository jenkins-x-chartmuseum.
WARNING: No $CHART_REPOSITORY defined so using the default value of: http://jenkins-x-chartmuseum:8080
Adding missing Helm repo: chartmuseum.jenkins-x.io http://chartmuseum.jenkins-x.io
WARNING: No secrets found on "helm/repos" due: reading the secret "helm/repos" from vault: no secret "helm/repos" not found in vault
Read credentials for http://chartmuseum.jenkins-x.io from vault helm/repos
Successfully added Helm repository chartmuseum.jenkins-x.io.
