
Showing logs for build [32mcb-kubecd-environment-pr-193-15-wdttz-1[0m stage [32mfrom-build-pack[0m and container [32mstep-credential-initializer-rnk4x[0m
{"level":"warn","ts":1586115488.2684176,"logger":"fallback-logger","caller":"logging/config.go:69","msg":"Fetch GitHub commit ID from kodata failed: \"ref: refs/heads/0.8.0-**-support-backwards-incompats\" is not a valid GitHub commit ID"}
{"level":"info","ts":1586115488.2692087,"logger":"fallback-logger","caller":"creds-init/main.go:40","msg":"Credentials initialized."}

Showing logs for build [32mcb-kubecd-environment-pr-193-15-wdttz-1[0m stage [32mfrom-build-pack[0m and container [32mstep-working-dir-initializer-hbpxz[0m
{"level":"warn","ts":1586115489.277484,"logger":"fallback-logger","caller":"logging/config.go:69","msg":"Fetch GitHub commit ID from kodata failed: open /var/run/ko/HEAD: no such file or directory"}
{"level":"info","ts":1586115489.2801821,"logger":"fallback-logger","caller":"bash/main.go:64","msg":"Successfully executed command \"sh -c mkdir -p /workspace/source\"; output "}

Showing logs for build [32mcb-kubecd-environment-pr-193-15-wdttz-1[0m stage [32mfrom-build-pack[0m and container [32mstep-place-tools[0m

Showing logs for build [32mcb-kubecd-environment-pr-193-15-wdttz-1[0m stage [32mfrom-build-pack[0m and container [32mstep-git-source-cb-kubecd-environment-pr-193-15-wdttz-2w7kr[0m
{"level":"warn","ts":1586115493.4039938,"logger":"fallback-logger","caller":"logging/config.go:69","msg":"Fetch GitHub commit ID from kodata failed: \"ref: refs/heads/0.8.0-**-support-backwards-incompats\" is not a valid GitHub commit ID"}
{"level":"info","ts":1586115494.4722843,"logger":"fallback-logger","caller":"git/git.go:103","msg":"Successfully cloned https://github.com/cb-kubecd/environment-pr-193-153-boot-gke-staging.git @ master in path /workspace/source"}

Showing logs for build [32mcb-kubecd-environment-pr-193-15-wdttz-1[0m stage [32mfrom-build-pack[0m and container [32mstep-git-merge[0m
Using SHAs from PULL_REFS=master:e668b7bd8872d8ea80a5ab91ac87b11e1a3e057f,7:51e1a7b23371744f9ac3f1bb35981ed01aa55e55
DEBUG: LC_ALL=C JX_LOG_LEVEL=error git fetch origin --unshallow 51e1a7b23371744f9ac3f1bb35981ed01aa55e55: e668b7bd8872d8ea80a5ab91ac87b11e1a3e057f:
DEBUG: ran git fetch --unshallow origin 51e1a7b23371744f9ac3f1bb35981ed01aa55e55: e668b7bd8872d8ea80a5ab91ac87b11e1a3e057f: in 
DEBUG: LC_ALL=C JX_LOG_LEVEL=error git branch
DEBUG: JX_LOG_LEVEL=error LC_ALL=C git checkout master
DEBUG: ran git checkout master in 
DEBUG: LC_ALL=C JX_LOG_LEVEL=error git reset --hard e668b7bd8872d8ea80a5ab91ac87b11e1a3e057f
DEBUG: ran git reset --hard e668b7bd8872d8ea80a5ab91ac87b11e1a3e057f in 
DEBUG: LC_ALL=C JX_LOG_LEVEL=error git clean -fd .
DEBUG: ran clean --force -d . in 
DEBUG: LC_ALL=C JX_LOG_LEVEL=error git merge 51e1a7b23371744f9ac3f1bb35981ed01aa55e55
DEBUG: ran git merge 51e1a7b23371744f9ac3f1bb35981ed01aa55e55 in 
DEBUG: JX_LOG_LEVEL=error LC_ALL=C git log --format=%H%x1f%an%x1f%ae%x1f%cn%x1f%ce%x1f%s%n%b%x1e e668b7bd8872d8ea80a5ab91ac87b11e1a3e057f..HEAD
Merged SHA 51e1a7b23371744f9ac3f1bb35981ed01aa55e55 with commit message 'chore: Promote bdd-sbrp-import-1586114153 to version 0.0.1' into base branch master

Showing logs for build [32mcb-kubecd-environment-pr-193-15-wdttz-1[0m stage [32mfrom-build-pack[0m and container [32mstep-build-helm-build[0m
WARNING: No $CHART_REPOSITORY defined so using the default value of: http://jenkins-x-chartmuseum:8080
Adding missing Helm repo: storage.googleapis.com https://storage.googleapis.com/chartmuseum.jenkins-x.io
WARNING: No secrets found on "helm/repos" due: reading the secret "helm/repos" from vault: no secret "helm/repos" not found in vault
Read credentials for https://storage.googleapis.com/chartmuseum.jenkins-x.io from vault helm/repos
Successfully added Helm repository storage.googleapis.com.
Adding missing Helm repo: jenkins-x-chartmuseum http://jenkins-x-chartmuseum:8080
WARNING: No secrets found on "helm/repos" due: reading the secret "helm/repos" from vault: no secret "helm/repos" not found in vault
Read credentials for http://jenkins-x-chartmuseum:8080 from vault helm/repos
Successfully added Helm repository jenkins-x-chartmuseum.
WARNING: No $CHART_REPOSITORY defined so using the default value of: http://jenkins-x-chartmuseum:8080
Adding missing Helm repo: chartmuseum.jenkins-x.io http://chartmuseum.jenkins-x.io
WARNING: No secrets found on "helm/repos" due: reading the secret "helm/repos" from vault: no secret "helm/repos" not found in vault
Read credentials for http://chartmuseum.jenkins-x.io from vault helm/repos
Successfully added Helm repository chartmuseum.jenkins-x.io.
